{"/Users/raf/Desktop/RN-Calorie-Counter/src/components/header/Header.js": {"path":"/Users/raf/Desktop/RN-Calorie-Counter/src/components/header/Header.js","statementMap":{"0":{"start":{"line":1,"column":42},"end":{"line":1,"column":97}},"1":{"start":{"line":1,"column":98},"end":{"line":1,"column":160}},"2":{"start":{"line":1,"column":160},"end":{"line":1,"column":185}},"3":{"start":{"line":1,"column":198},"end":{"line":1,"column":238}},"4":{"start":{"line":2,"column":34},"end":{"line":2,"column":85}},"5":{"start":{"line":3,"column":19},"end":{"line":3,"column":55}},"6":{"start":{"line":4,"column":19},"end":{"line":4,"column":42}},"7":{"start":{"line":5,"column":30},"end":{"line":5,"column":113}},"8":{"start":{"line":6,"column":14},"end":{"line":6,"column":53}},"9":{"start":{"line":6,"column":73},"end":{"line":6,"column":144}},"10":{"start":{"line":8,"column":13},"end":{"line":39,"column":1}},"11":{"start":{"line":9,"column":2},"end":{"line":32,"column":125}},"12":{"start":{"line":19,"column":35},"end":{"line":19,"column":58}},"13":{"start":{"line":27,"column":95},"end":{"line":27,"column":122}},"14":{"start":{"line":41,"column":0},"end":{"line":41,"column":6}},"15":{"start":{"line":41,"column":7},"end":{"line":41,"column":34}}},"fnMap":{"0":{"name":"Header","decl":{"start":{"line":8,"column":22},"end":{"line":8,"column":28}},"loc":{"start":{"line":8,"column":36},"end":{"line":39,"column":1}},"line":8},"1":{"name":"onPress","decl":{"start":{"line":19,"column":24},"end":{"line":19,"column":31}},"loc":{"start":{"line":19,"column":34},"end":{"line":19,"column":59}},"line":19},"2":{"name":"onPress","decl":{"start":{"line":27,"column":84},"end":{"line":27,"column":91}},"loc":{"start":{"line":27,"column":94},"end":{"line":27,"column":123}},"line":27}},"branchMap":{},"s":{"0":1,"1":1,"2":1,"3":1,"4":1,"5":1,"6":1,"7":1,"8":1,"9":1,"10":1,"11":1,"12":0,"13":0,"14":1,"15":1},"f":{"0":1,"1":0,"2":0},"b":{},"_coverageSchema":"1a1c01bbd47fc00a2c39e90264f33305004495a9","hash":"40c002cdc7f96f219362ff5c1ec662bc6e7c9f68"}
,"/Users/raf/Desktop/RN-Calorie-Counter/src/components/header/styles.js": {"path":"/Users/raf/Desktop/RN-Calorie-Counter/src/components/header/styles.js","statementMap":{"0":{"start":{"line":1,"column":42},"end":{"line":1,"column":97}},"1":{"start":{"line":1,"column":98},"end":{"line":1,"column":160}},"2":{"start":{"line":1,"column":160},"end":{"line":1,"column":184}},"3":{"start":{"line":1,"column":221},"end":{"line":1,"column":288}},"4":{"start":{"line":3,"column":13},"end":{"line":31,"column":36}},"5":{"start":{"line":31,"column":37},"end":{"line":31,"column":61}}},"fnMap":{},"branchMap":{},"s":{"0":1,"1":1,"2":1,"3":1,"4":1,"5":1},"f":{},"b":{},"_coverageSchema":"1a1c01bbd47fc00a2c39e90264f33305004495a9","hash":"cccc64aef0f7aaf2bfd93ab75e689773aa81b450"}
,"/Users/raf/Desktop/RN-Calorie-Counter/src/components/nutrient/Nutrient.js": {"path":"/Users/raf/Desktop/RN-Calorie-Counter/src/components/nutrient/Nutrient.js","statementMap":{"0":{"start":{"line":1,"column":42},"end":{"line":1,"column":97}},"1":{"start":{"line":1,"column":128},"end":{"line":1,"column":184}},"2":{"start":{"line":1,"column":185},"end":{"line":1,"column":247}},"3":{"start":{"line":1,"column":247},"end":{"line":1,"column":272}},"4":{"start":{"line":1,"column":294},"end":{"line":1,"column":365}},"5":{"start":{"line":1,"column":379},"end":{"line":1,"column":420}},"6":{"start":{"line":2,"column":19},"end":{"line":2,"column":42}},"7":{"start":{"line":3,"column":37},"end":{"line":3,"column":104}},"8":{"start":{"line":4,"column":19},"end":{"line":4,"column":92}},"9":{"start":{"line":4,"column":112},"end":{"line":4,"column":187}},"10":{"start":{"line":6,"column":15},"end":{"line":30,"column":1}},"11":{"start":{"line":6,"column":52},"end":{"line":6,"column":62}},"12":{"start":{"line":6,"column":71},"end":{"line":6,"column":81}},"13":{"start":{"line":6,"column":90},"end":{"line":6,"column":100}},"14":{"start":{"line":7,"column":2},"end":{"line":7,"column":29}},"15":{"start":{"line":7,"column":43},"end":{"line":7,"column":85}},"16":{"start":{"line":7,"column":99},"end":{"line":7,"column":112}},"17":{"start":{"line":7,"column":129},"end":{"line":7,"column":142}},"18":{"start":{"line":9,"column":2},"end":{"line":12,"column":14}},"19":{"start":{"line":10,"column":19},"end":{"line":10,"column":44}},"20":{"start":{"line":11,"column":4},"end":{"line":11,"column":28}},"21":{"start":{"line":14,"column":2},"end":{"line":26,"column":152}},"22":{"start":{"line":32,"column":13},"end":{"line":73,"column":22}},"23":{"start":{"line":77,"column":0},"end":{"line":77,"column":8}},"24":{"start":{"line":77,"column":9},"end":{"line":77,"column":36}}},"fnMap":{"0":{"name":"Nutrient","decl":{"start":{"line":6,"column":24},"end":{"line":6,"column":32}},"loc":{"start":{"line":6,"column":39},"end":{"line":30,"column":1}},"line":6},"1":{"name":"(anonymous_1)","decl":{"start":{"line":9,"column":24},"end":{"line":9,"column":25}},"loc":{"start":{"line":9,"column":36},"end":{"line":12,"column":3}},"line":9}},"branchMap":{"0":{"loc":{"start":{"line":10,"column":19},"end":{"line":10,"column":44}},"type":"cond-expr","locations":[{"start":{"line":10,"column":33},"end":{"line":10,"column":38}},{"start":{"line":10,"column":41},"end":{"line":10,"column":44}}],"line":10}},"s":{"0":1,"1":1,"2":1,"3":1,"4":1,"5":1,"6":1,"7":1,"8":1,"9":1,"10":1,"11":2,"12":2,"13":2,"14":2,"15":2,"16":2,"17":2,"18":2,"19":0,"20":0,"21":2,"22":1,"23":1,"24":1},"f":{"0":2,"1":0},"b":{"0":[0,0]},"_coverageSchema":"1a1c01bbd47fc00a2c39e90264f33305004495a9","hash":"12e98f929323cec7ab8df72ff6f805fdef4eb33a"}
,"/Users/raf/Desktop/RN-Calorie-Counter/src/components/progressBar/ProgressBar.js": {"path":"/Users/raf/Desktop/RN-Calorie-Counter/src/components/progressBar/ProgressBar.js","statementMap":{"0":{"start":{"line":1,"column":42},"end":{"line":1,"column":97}},"1":{"start":{"line":1,"column":128},"end":{"line":1,"column":184}},"2":{"start":{"line":1,"column":185},"end":{"line":1,"column":247}},"3":{"start":{"line":1,"column":247},"end":{"line":1,"column":272}},"4":{"start":{"line":1,"column":295},"end":{"line":1,"column":367}},"5":{"start":{"line":1,"column":388},"end":{"line":1,"column":457}},"6":{"start":{"line":1,"column":492},"end":{"line":1,"column":575}},"7":{"start":{"line":1,"column":599},"end":{"line":1,"column":671}},"8":{"start":{"line":1,"column":689},"end":{"line":1,"column":755}},"9":{"start":{"line":1,"column":769},"end":{"line":1,"column":810}},"10":{"start":{"line":2,"column":29},"end":{"line":2,"column":88}},"11":{"start":{"line":3,"column":37},"end":{"line":3,"column":104}},"12":{"start":{"line":3,"column":124},"end":{"line":3,"column":205}},"13":{"start":{"line":7,"column":14},"end":{"line":43,"column":48}},"14":{"start":{"line":7,"column":37},"end":{"line":7,"column":86}},"15":{"start":{"line":8,"column":41},"end":{"line":8,"column":90}},"16":{"start":{"line":9,"column":4},"end":{"line":9,"column":121}},"17":{"start":{"line":11,"column":4},"end":{"line":12,"column":60}},"18":{"start":{"line":12,"column":60},"end":{"line":12,"column":73}},"19":{"start":{"line":14,"column":3},"end":{"line":43,"column":10}},"20":{"start":{"line":17,"column":6},"end":{"line":17,"column":23}},"21":{"start":{"line":21,"column":6},"end":{"line":21,"column":23}},"22":{"start":{"line":25,"column":6},"end":{"line":28,"column":90}},"23":{"start":{"line":30,"column":6},"end":{"line":30,"column":85}},"24":{"start":{"line":34,"column":14},"end":{"line":34,"column":30}},"25":{"start":{"line":35,"column":6},"end":{"line":39,"column":171}},"26":{"start":{"line":43,"column":10},"end":{"line":43,"column":29}},"27":{"start":{"line":46,"column":13},"end":{"line":49,"column":25}},"28":{"start":{"line":53,"column":0},"end":{"line":53,"column":11}},"29":{"start":{"line":53,"column":12},"end":{"line":53,"column":39}}},"fnMap":{"0":{"name":"(anonymous_0)","decl":{"start":{"line":7,"column":14},"end":{"line":7,"column":15}},"loc":{"start":{"line":7,"column":36},"end":{"line":43,"column":30}},"line":7},"1":{"name":"ProgressBar","decl":{"start":{"line":8,"column":11},"end":{"line":8,"column":22}},"loc":{"start":{"line":8,"column":30},"end":{"line":14,"column":3}},"line":8},"2":{"name":"componentDidMount","decl":{"start":{"line":14,"column":88},"end":{"line":14,"column":105}},"loc":{"start":{"line":16,"column":4},"end":{"line":18,"column":5}},"line":16},"3":{"name":"componentDidUpdate","decl":{"start":{"line":18,"column":54},"end":{"line":18,"column":72}},"loc":{"start":{"line":20,"column":4},"end":{"line":22,"column":5}},"line":20},"4":{"name":"animation","decl":{"start":{"line":22,"column":45},"end":{"line":22,"column":54}},"loc":{"start":{"line":24,"column":4},"end":{"line":31,"column":5}},"line":24},"5":{"name":"render","decl":{"start":{"line":31,"column":42},"end":{"line":31,"column":48}},"loc":{"start":{"line":33,"column":4},"end":{"line":43,"column":5}},"line":33}},"branchMap":{"0":{"loc":{"start":{"line":39,"column":29},"end":{"line":39,"column":109}},"type":"cond-expr","locations":[{"start":{"line":39,"column":37},"end":{"line":39,"column":42}},{"start":{"line":39,"column":45},"end":{"line":39,"column":109}}],"line":39}},"s":{"0":2,"1":2,"2":2,"3":2,"4":2,"5":2,"6":2,"7":2,"8":2,"9":2,"10":2,"11":2,"12":2,"13":2,"14":2,"15":2,"16":2,"17":2,"18":2,"19":2,"20":2,"21":2,"22":4,"23":4,"24":4,"25":4,"26":2,"27":2,"28":2,"29":2},"f":{"0":2,"1":2,"2":2,"3":2,"4":4,"5":4},"b":{"0":[1,3]},"_coverageSchema":"1a1c01bbd47fc00a2c39e90264f33305004495a9","hash":"d5cd170ca2624664e91ed4e11e98a9a624fc818d"}
,"/Users/raf/Desktop/RN-Calorie-Counter/src/variables/extendedStyleheetVariables.js": {"path":"/Users/raf/Desktop/RN-Calorie-Counter/src/variables/extendedStyleheetVariables.js","statementMap":{"0":{"start":{"line":1,"column":13},"end":{"line":1,"column":75}},"1":{"start":{"line":1,"column":75},"end":{"line":1,"column":97}},"2":{"start":{"line":1,"column":108},"end":{"line":6,"column":34}},"3":{"start":{"line":6,"column":35},"end":{"line":6,"column":55}}},"fnMap":{},"branchMap":{},"s":{"0":1,"1":1,"2":1,"3":1},"f":{},"b":{},"_coverageSchema":"1a1c01bbd47fc00a2c39e90264f33305004495a9","hash":"1773386600d34aee99476e4fbfb112226f9a4d53"}
,"/Users/raf/Desktop/RN-Calorie-Counter/src/variables/fontWeights.js": {"path":"/Users/raf/Desktop/RN-Calorie-Counter/src/variables/fontWeights.js","statementMap":{"0":{"start":{"line":1,"column":13},"end":{"line":1,"column":75}},"1":{"start":{"line":1,"column":75},"end":{"line":1,"column":104}},"2":{"start":{"line":1,"column":122},"end":{"line":11,"column":16}},"3":{"start":{"line":11,"column":17},"end":{"line":11,"column":51}}},"fnMap":{},"branchMap":{},"s":{"0":1,"1":1,"2":1,"3":1},"f":{},"b":{},"_coverageSchema":"1a1c01bbd47fc00a2c39e90264f33305004495a9","hash":"bac256ab317b63bc8afbf5c7685edb86a9f528f2"}
}
