TN:
SF:src/components/header/Header.js
FN:8,Header
FN:19,onPress
FN:27,onPress
FNF:3
FNH:1
FNDA:1,Header
FNDA:0,onPress
FNDA:0,onPress
DA:1,1
DA:2,1
DA:3,1
DA:4,1
DA:5,1
DA:6,1
DA:8,1
DA:9,1
DA:19,0
DA:27,0
DA:41,1
LF:11
LH:9
BRF:0
BRH:0
end_of_record
TN:
SF:src/components/header/styles.js
FNF:0
FNH:0
DA:1,1
DA:3,1
DA:31,1
LF:3
LH:3
BRF:0
BRH:0
end_of_record
TN:
SF:src/components/nutrient/Nutrient.js
FN:6,Nutrient
FN:9,(anonymous_1)
FNF:2
FNH:1
FNDA:2,Nutrient
FNDA:0,(anonymous_1)
DA:1,1
DA:2,1
DA:3,1
DA:4,1
DA:6,2
DA:7,2
DA:9,2
DA:10,0
DA:11,0
DA:14,2
DA:32,1
DA:77,1
LF:12
LH:10
BRDA:10,0,0,0
BRDA:10,0,1,0
BRF:2
BRH:0
end_of_record
TN:
SF:src/components/progressBar/ProgressBar.js
FN:7,(anonymous_0)
FN:8,ProgressBar
FN:14,componentDidMount
FN:18,componentDidUpdate
FN:22,animation
FN:31,render
FNF:6
FNH:6
FNDA:2,(anonymous_0)
FNDA:2,ProgressBar
FNDA:2,componentDidMount
FNDA:2,componentDidUpdate
FNDA:4,animation
FNDA:4,render
DA:1,2
DA:2,2
DA:3,2
DA:7,2
DA:8,2
DA:9,2
DA:11,2
DA:12,2
DA:14,2
DA:17,2
DA:21,2
DA:25,4
DA:30,4
DA:34,4
DA:35,4
DA:43,2
DA:46,2
DA:53,2
LF:18
LH:18
BRDA:39,0,0,1
BRDA:39,0,1,3
BRF:2
BRH:2
end_of_record
TN:
SF:src/variables/extendedStyleheetVariables.js
FNF:0
FNH:0
DA:1,1
DA:6,1
LF:2
LH:2
BRF:0
BRH:0
end_of_record
TN:
SF:src/variables/fontWeights.js
FNF:0
FNH:0
DA:1,1
DA:11,1
LF:2
LH:2
BRF:0
BRH:0
end_of_record
